Der Buildvorgang wurde am 28.08.2017 15:44:39 gestartet.
     1>Projekt "C:\Users\AGANDO\Documents\Visual Studio 2015\Projects\TheCobaltCrypt\TheCobaltCrypt\TheCobaltCrypt.vcxproj" auf Knoten "2", Build Ziel(e).
     1>ClCompile:
         D:\AlleProgramme\Visual Studio\VC\bin\x86_amd64\CL.exe /c /I"C:\Users\AGANDO\Documents\Visual Studio 2015\Projects\TheCobaltCrypt\sfml\include" /ZI /nologo /W3 /WX- /sdl /Od /D _DEBUG /D _CONSOLE /D _UNICODE /D UNICODE /Gm /EHsc /RTC1 /MDd /GS /fp:precise /Zc:wchar_t /Zc:forScope /Zc:inline /Fo"x64\Debug\\" /Fd"x64\Debug\vc140.pdb" /Gd /TP /errorReport:prompt main.cpp
         main.cpp
     1>c:\users\agando\documents\visual studio 2015\projects\thecobaltcrypt\thecobaltcrypt\main.cpp(100): warning C4244: "Initialisierung": Konvertierung von "float" in "int", möglicher Datenverlust
     1>c:\users\agando\documents\visual studio 2015\projects\thecobaltcrypt\thecobaltcrypt\main.cpp(102): warning C4244: "Initialisierung": Konvertierung von "float" in "int", möglicher Datenverlust
     1>c:\users\agando\documents\visual studio 2015\projects\thecobaltcrypt\thecobaltcrypt\main.cpp(405): warning C4244: "Argument": Konvertierung von "float" in "int", möglicher Datenverlust
     1>c:\users\agando\documents\visual studio 2015\projects\thecobaltcrypt\thecobaltcrypt\main.cpp(406): warning C4244: "Argument": Konvertierung von "float" in "int", möglicher Datenverlust
     1>c:\users\agando\documents\visual studio 2015\projects\thecobaltcrypt\thecobaltcrypt\main.cpp(407): warning C4244: "Argument": Konvertierung von "float" in "int", möglicher Datenverlust
     1>c:\users\agando\documents\visual studio 2015\projects\thecobaltcrypt\thecobaltcrypt\main.cpp(408): warning C4244: "Argument": Konvertierung von "float" in "int", möglicher Datenverlust
     1>c:\users\agando\documents\visual studio 2015\projects\thecobaltcrypt\thecobaltcrypt\main.cpp(409): warning C4244: "Argument": Konvertierung von "float" in "int", möglicher Datenverlust
     1>c:\users\agando\documents\visual studio 2015\projects\thecobaltcrypt\thecobaltcrypt\main.cpp(410): warning C4244: "Argument": Konvertierung von "float" in "int", möglicher Datenverlust
     1>c:\users\agando\documents\visual studio 2015\projects\thecobaltcrypt\thecobaltcrypt\main.cpp(432): warning C4244: "Argument": Konvertierung von "int" in "float", möglicher Datenverlust
     1>c:\users\agando\documents\visual studio 2015\projects\thecobaltcrypt\thecobaltcrypt\main.cpp(443): warning C4244: "Argument": Konvertierung von "int" in "float", möglicher Datenverlust
     1>c:\users\agando\documents\visual studio 2015\projects\thecobaltcrypt\thecobaltcrypt\main.cpp(454): warning C4244: "Argument": Konvertierung von "int" in "float", möglicher Datenverlust
     1>c:\users\agando\documents\visual studio 2015\projects\thecobaltcrypt\thecobaltcrypt\main.cpp(465): warning C4244: "Argument": Konvertierung von "int" in "float", möglicher Datenverlust
     1>c:\users\agando\documents\visual studio 2015\projects\thecobaltcrypt\thecobaltcrypt\main.cpp(476): warning C4244: "Argument": Konvertierung von "int" in "float", möglicher Datenverlust
     1>c:\users\agando\documents\visual studio 2015\projects\thecobaltcrypt\thecobaltcrypt\main.cpp(481): warning C4244: "Argument": Konvertierung von "int" in "float", möglicher Datenverlust
     1>c:\users\agando\documents\visual studio 2015\projects\thecobaltcrypt\thecobaltcrypt\main.cpp(485): warning C4244: "Argument": Konvertierung von "int" in "float", möglicher Datenverlust
     1>c:\users\agando\documents\visual studio 2015\projects\thecobaltcrypt\thecobaltcrypt\main.cpp(704): warning C4244: "Argument": Konvertierung von "unsigned int" in "float", möglicher Datenverlust
     1>c:\users\agando\documents\visual studio 2015\projects\thecobaltcrypt\thecobaltcrypt\main.cpp(876): warning C4244: "Argument": Konvertierung von "int" in "float", möglicher Datenverlust
     1>c:\users\agando\documents\visual studio 2015\projects\thecobaltcrypt\thecobaltcrypt\main.cpp(890): warning C4244: "Argument": Konvertierung von "int" in "float", möglicher Datenverlust
     1>c:\users\agando\documents\visual studio 2015\projects\thecobaltcrypt\thecobaltcrypt\main.cpp(1085): warning C4244: "Argument": Konvertierung von "float" in "int", möglicher Datenverlust
     1>c:\users\agando\documents\visual studio 2015\projects\thecobaltcrypt\thecobaltcrypt\main.cpp(1086): warning C4244: "Argument": Konvertierung von "float" in "int", möglicher Datenverlust
     1>c:\users\agando\documents\visual studio 2015\projects\thecobaltcrypt\thecobaltcrypt\main.cpp(1087): warning C4244: "Argument": Konvertierung von "float" in "int", möglicher Datenverlust
     1>c:\users\agando\documents\visual studio 2015\projects\thecobaltcrypt\thecobaltcrypt\main.cpp(1088): warning C4244: "Argument": Konvertierung von "float" in "int", möglicher Datenverlust
     1>c:\users\agando\documents\visual studio 2015\projects\thecobaltcrypt\thecobaltcrypt\main.cpp(1089): warning C4244: "Argument": Konvertierung von "float" in "int", möglicher Datenverlust
     1>c:\users\agando\documents\visual studio 2015\projects\thecobaltcrypt\thecobaltcrypt\main.cpp(1090): warning C4244: "Argument": Konvertierung von "float" in "int", möglicher Datenverlust
     1>c:\users\agando\documents\visual studio 2015\projects\thecobaltcrypt\thecobaltcrypt\main.cpp(1091): warning C4244: "Argument": Konvertierung von "float" in "int", möglicher Datenverlust
     1>c:\users\agando\documents\visual studio 2015\projects\thecobaltcrypt\thecobaltcrypt\main.cpp(1092): warning C4244: "Argument": Konvertierung von "float" in "int", möglicher Datenverlust
     1>c:\users\agando\documents\visual studio 2015\projects\thecobaltcrypt\thecobaltcrypt\main.cpp(1099): warning C4244: "Argument": Konvertierung von "float" in "int", möglicher Datenverlust
     1>c:\users\agando\documents\visual studio 2015\projects\thecobaltcrypt\thecobaltcrypt\main.cpp(1106): warning C4244: "Argument": Konvertierung von "float" in "int", möglicher Datenverlust
     1>c:\users\agando\documents\visual studio 2015\projects\thecobaltcrypt\thecobaltcrypt\main.cpp(1118): warning C4244: "=": Konvertierung von "float" in "int", möglicher Datenverlust
     1>c:\users\agando\documents\visual studio 2015\projects\thecobaltcrypt\thecobaltcrypt\main.cpp(1119): warning C4244: "=": Konvertierung von "float" in "int", möglicher Datenverlust
     1>c:\users\agando\documents\visual studio 2015\projects\thecobaltcrypt\thecobaltcrypt\main.cpp(1133): warning C4244: "Argument": Konvertierung von "float" in "unsigned __int64", möglicher Datenverlust
     1>c:\users\agando\documents\visual studio 2015\projects\thecobaltcrypt\thecobaltcrypt\main.cpp(1147): warning C4244: "Argument": Konvertierung von "float" in "int", möglicher Datenverlust
     1>c:\users\agando\documents\visual studio 2015\projects\thecobaltcrypt\thecobaltcrypt\main.cpp(1148): warning C4244: "Argument": Konvertierung von "float" in "int", möglicher Datenverlust
     1>c:\users\agando\documents\visual studio 2015\projects\thecobaltcrypt\thecobaltcrypt\main.cpp(1149): warning C4244: "Argument": Konvertierung von "float" in "int", möglicher Datenverlust
     1>c:\users\agando\documents\visual studio 2015\projects\thecobaltcrypt\thecobaltcrypt\main.cpp(1150): warning C4244: "Argument": Konvertierung von "float" in "int", möglicher Datenverlust
     1>c:\users\agando\documents\visual studio 2015\projects\thecobaltcrypt\thecobaltcrypt\main.cpp(1151): warning C4244: "Argument": Konvertierung von "float" in "int", möglicher Datenverlust
     1>c:\users\agando\documents\visual studio 2015\projects\thecobaltcrypt\thecobaltcrypt\main.cpp(1152): warning C4244: "Argument": Konvertierung von "float" in "int", möglicher Datenverlust
     1>c:\users\agando\documents\visual studio 2015\projects\thecobaltcrypt\thecobaltcrypt\main.cpp(1159): warning C4244: "Argument": Konvertierung von "float" in "int", möglicher Datenverlust
     1>c:\users\agando\documents\visual studio 2015\projects\thecobaltcrypt\thecobaltcrypt\main.cpp(1160): warning C4244: "Argument": Konvertierung von "float" in "int", möglicher Datenverlust
     1>c:\users\agando\documents\visual studio 2015\projects\thecobaltcrypt\thecobaltcrypt\main.cpp(1161): warning C4244: "Argument": Konvertierung von "float" in "int", möglicher Datenverlust
     1>c:\users\agando\documents\visual studio 2015\projects\thecobaltcrypt\thecobaltcrypt\main.cpp(1162): warning C4244: "Argument": Konvertierung von "float" in "int", möglicher Datenverlust
     1>c:\users\agando\documents\visual studio 2015\projects\thecobaltcrypt\thecobaltcrypt\main.cpp(1169): warning C4244: "Argument": Konvertierung von "float" in "int", möglicher Datenverlust
     1>c:\users\agando\documents\visual studio 2015\projects\thecobaltcrypt\thecobaltcrypt\main.cpp(1170): warning C4244: "Argument": Konvertierung von "float" in "int", möglicher Datenverlust
     1>c:\users\agando\documents\visual studio 2015\projects\thecobaltcrypt\thecobaltcrypt\main.cpp(1171): warning C4244: "Argument": Konvertierung von "float" in "int", möglicher Datenverlust
     1>c:\users\agando\documents\visual studio 2015\projects\thecobaltcrypt\thecobaltcrypt\main.cpp(1172): warning C4244: "Argument": Konvertierung von "float" in "int", möglicher Datenverlust
     1>c:\users\agando\documents\visual studio 2015\projects\thecobaltcrypt\thecobaltcrypt\main.cpp(1179): warning C4244: "Argument": Konvertierung von "float" in "int", möglicher Datenverlust
     1>c:\users\agando\documents\visual studio 2015\projects\thecobaltcrypt\thecobaltcrypt\main.cpp(1180): warning C4244: "Argument": Konvertierung von "float" in "int", möglicher Datenverlust
     1>c:\users\agando\documents\visual studio 2015\projects\thecobaltcrypt\thecobaltcrypt\main.cpp(1181): warning C4244: "Argument": Konvertierung von "float" in "int", möglicher Datenverlust
     1>c:\users\agando\documents\visual studio 2015\projects\thecobaltcrypt\thecobaltcrypt\main.cpp(1182): warning C4244: "Argument": Konvertierung von "float" in "int", möglicher Datenverlust
     1>c:\users\agando\documents\visual studio 2015\projects\thecobaltcrypt\thecobaltcrypt\main.cpp(1252): warning C4244: "Argument": Konvertierung von "float" in "int", möglicher Datenverlust
     1>c:\users\agando\documents\visual studio 2015\projects\thecobaltcrypt\thecobaltcrypt\main.cpp(1282): warning C4244: "Argument": Konvertierung von "int" in "float", möglicher Datenverlust
     1>c:\users\agando\documents\visual studio 2015\projects\thecobaltcrypt\thecobaltcrypt\main.cpp(1295): warning C4244: "Argument": Konvertierung von "int" in "float", möglicher Datenverlust
       Link:
         D:\AlleProgramme\Visual Studio\VC\bin\x86_amd64\link.exe /ERRORREPORT:PROMPT /OUT:"C:\Users\AGANDO\Documents\Visual Studio 2015\Projects\TheCobaltCrypt\TheCobaltCrypt\x64\Debug\TheCobaltCrypt.exe" /INCREMENTAL /NOLOGO /LIBPATH:"C:\Users\AGANDO\Documents\Visual Studio 2015\Projects\TheCobaltCrypt\sfml\lib" "sfml-system-d.lib" "sfml-graphics-d.lib" "sfml-audio-d.lib" "sfml-network-d.lib" "sfml-window-d.lib" kernel32.lib user32.lib gdi32.lib winspool.lib comdlg32.lib advapi32.lib shell32.lib ole32.lib oleaut32.lib uuid.lib odbc32.lib odbccp32.lib /MANIFEST /MANIFESTUAC:"level='asInvoker' uiAccess='false'" /manifest:embed /Debug /PDB:"C:\Users\AGANDO\Documents\Visual Studio 2015\Projects\TheCobaltCrypt\TheCobaltCrypt\x64\Debug\TheCobaltCrypt.pdb" /SUBSYSTEM:CONSOLE /TLBID:1 /DYNAMICBASE /NXCOMPAT /IMPLIB:"C:\Users\AGANDO\Documents\Visual Studio 2015\Projects\TheCobaltCrypt\TheCobaltCrypt\x64\Debug\TheCobaltCrypt.lib" /MACHINE:X64 x64\Debug\animation.obj
         x64\Debug\dungeon_generator.obj
         x64\Debug\enemy.obj
         x64\Debug\main.obj
         x64\Debug\player.obj
         x64\Debug\powerup.obj
         x64\Debug\randomOperations.obj
         TheCobaltCrypt.vcxproj -> C:\Users\AGANDO\Documents\Visual Studio 2015\Projects\TheCobaltCrypt\TheCobaltCrypt\x64\Debug\TheCobaltCrypt.exe
     1>Die Erstellung von Projekt "C:\Users\AGANDO\Documents\Visual Studio 2015\Projects\TheCobaltCrypt\TheCobaltCrypt\TheCobaltCrypt.vcxproj" ist abgeschlossen (Build Ziel(e)).

Der Buildvorgang wurde erfolgreich ausgeführt.

Verstrichene Zeit 00:00:00.88
